#-----------------------------------------------------------
# Vivado v2024.1 (64-bit)
# SW Build 5076996 on Wed May 22 18:37:14 MDT 2024
# IP Build 5075265 on Wed May 22 21:45:21 MDT 2024
# SharedData Build 5076995 on Wed May 22 18:29:18 MDT 2024
# Start of session at: Thu Dec  4 15:47:19 2025
# Process ID: 3748
# Current directory: D:/SSC/proiectSSC/Sistem_de_Iluminare_Inteligent
# Command line: vivado.exe -gui_launcher_event rodinguilauncherevent17572 D:\SSC\proiectSSC\Sistem_de_Iluminare_Inteligent\Sistem_de_Iluminare_Inteligent.xpr
# Log file: D:/SSC/proiectSSC/Sistem_de_Iluminare_Inteligent/vivado.log
# Journal file: D:/SSC/proiectSSC/Sistem_de_Iluminare_Inteligent\vivado.jou
# Running On        :TinuPC04
# Platform          :Windows Server 2016 or Windows 10
# Operating System  :22631
# Processor Detail  :AMD Ryzen 7 6800HS Creator Edition             
# CPU Frequency     :3194 MHz
# CPU Physical cores:8
# CPU Logical cores :16
# Host memory       :14702 MB
# Swap memory       :4294 MB
# Total Virtual     :18996 MB
# Available Virtual :5187 MB
#-----------------------------------------------------------
start_gui
open_project D:/SSC/proiectSSC/Sistem_de_Iluminare_Inteligent/Sistem_de_Iluminare_Inteligent.xpr
WARNING: [Board 49-26] cannot add Board Part digilentinc.com:genesys2:part0:1.1 available at D:/SSC/lab9_ssc/Lab9/Hardware/boards/board_files/genesys2/H/board.xml as part xc7k325tffg900-2 specified in board_part file is either invalid or not available
WARNING: [Board 49-26] cannot add Board Part digilentinc.com:sword:part0:1.0 available at D:/SSC/lab9_ssc/Lab9/Hardware/boards/board_files/sword/C.0/board.xml as part xc7k325tffg900-2 specified in board_part file is either invalid or not available
WARNING: [Board 49-26] cannot add Board Part xilinx.com:kc705:part0:1.6 available at D:/SSC/Vivado/2024.1/data/xhub/boards/XilinxBoardStore/boards/Xilinx/kc705/1.6/board.xml as part xc7k325tffg900-2 specified in board_part file is either invalid or not available
WARNING: [Board 49-26] cannot add Board Part xilinx.com:kcu105:part0:1.6 available at D:/SSC/Vivado/2024.1/data/xhub/boards/XilinxBoardStore/boards/Xilinx/kcu105/1.6/board.xml as part xcku040-ffva1156-2-e specified in board_part file is either invalid or not available
WARNING: [Board 49-26] cannot add Board Part xilinx.com:kcu105:part0:1.7 available at D:/SSC/Vivado/2024.1/data/xhub/boards/XilinxBoardStore/boards/Xilinx/kcu105/1.7/board.xml as part xcku040-ffva1156-2-e specified in board_part file is either invalid or not available
WARNING: [Board 49-26] cannot add Board Part xilinx.com:kcu1500:part0:1.2 available at D:/SSC/Vivado/2024.1/data/xhub/boards/XilinxBoardStore/boards/Xilinx/kcu1500/1.2/board.xml as part xcku115-flvb2104-2-e specified in board_part file is either invalid or not available
WARNING: [Board 49-26] cannot add Board Part xilinx.com:vc707:part0:1.4 available at D:/SSC/Vivado/2024.1/data/xhub/boards/XilinxBoardStore/boards/Xilinx/vc707/1.4/board.xml as part xc7vx485tffg1761-2 specified in board_part file is either invalid or not available
WARNING: [Board 49-26] cannot add Board Part xilinx.com:vc709:part0:1.8 available at D:/SSC/Vivado/2024.1/data/xhub/boards/XilinxBoardStore/boards/Xilinx/vc709/1.8/board.xml as part xc7vx690tffg1761-2 specified in board_part file is either invalid or not available
WARNING: [Board 49-26] cannot add Board Part xilinx.com:vck190:part0:2.2 available at D:/SSC/Vivado/2024.1/data/xhub/boards/XilinxBoardStore/boards/Xilinx/vck190/production/2.2/board.xml as part xcvc1902-vsva2197-2mp-e-s specified in board_part file is either invalid or not available
WARNING: [Board 49-26] cannot add Board Part xilinx.com:vck190:part0:3.0 available at D:/SSC/Vivado/2024.1/data/xhub/boards/XilinxBoardStore/boards/Xilinx/vck190/production/3.0/board.xml as part xcvc1902-vsva2197-2mp-e-s specified in board_part file is either invalid or not available
WARNING: [Board 49-26] cannot add Board Part xilinx.com:vck190:part0:3.1 available at D:/SSC/Vivado/2024.1/data/xhub/boards/XilinxBoardStore/boards/Xilinx/vck190/production/3.1/board.xml as part xcvc1902-vsva2197-2mp-e-s specified in board_part file is either invalid or not available
WARNING: [Board 49-26] cannot add Board Part xilinx.com:vck190:part0:3.2 available at D:/SSC/Vivado/2024.1/data/xhub/boards/XilinxBoardStore/boards/Xilinx/vck190/production/3.2/board.xml as part xcvc1902-vsva2197-2mp-e-s specified in board_part file is either invalid or not available
WARNING: [Board 49-26] cannot add Board Part xilinx.com:vck190:part0:3.3 available at D:/SSC/Vivado/2024.1/data/xhub/boards/XilinxBoardStore/boards/Xilinx/vck190/production/3.3/board.xml as part xcvc1902-vsva2197-2mp-e-s specified in board_part file is either invalid or not available
WARNING: [Board 49-26] cannot add Board Part xilinx.com:vck190_newl:part0:1.0 available at D:/SSC/Vivado/2024.1/data/xhub/boards/XilinxBoardStore/boards/Xilinx/vck190_newl/production/1.0/board.xml as part xcvc1902-vsva2197-2mp-e-s specified in board_part file is either invalid or not available
WARNING: [Board 49-26] cannot add Board Part xilinx.com:vck190_newl:part0:1.1 available at D:/SSC/Vivado/2024.1/data/xhub/boards/XilinxBoardStore/boards/Xilinx/vck190_newl/production/1.1/board.xml as part xcvc1902-vsva2197-2mp-e-s specified in board_part file is either invalid or not available
WARNING: [Board 49-26] cannot add Board Part xilinx.com:vck190_newl:part0:1.2 available at D:/SSC/Vivado/2024.1/data/xhub/boards/XilinxBoardStore/boards/Xilinx/vck190_newl/production/1.2/board.xml as part xcvc1902-vsva2197-2mp-e-s specified in board_part file is either invalid or not available
WARNING: [Board 49-26] cannot add Board Part xilinx.com:vcu108:part0:1.6 available at D:/SSC/Vivado/2024.1/data/xhub/boards/XilinxBoardStore/boards/Xilinx/vcu108/1.6/board.xml as part xcvu095-ffva2104-2-e specified in board_part file is either invalid or not available
WARNING: [Board 49-26] cannot add Board Part xilinx.com:vcu108:part0:1.7 available at D:/SSC/Vivado/2024.1/data/xhub/boards/XilinxBoardStore/boards/Xilinx/vcu108/1.7/board.xml as part xcvu095-ffva2104-2-e specified in board_part file is either invalid or not available
WARNING: [Board 49-26] cannot add Board Part xilinx.com:vcu110:part0:1.4 available at D:/SSC/Vivado/2024.1/data/xhub/boards/XilinxBoardStore/boards/Xilinx/vcu110/1.4/board.xml as part xcvu190-flgc2104-2-e specified in board_part file is either invalid or not available
WARNING: [Board 49-26] cannot add Board Part xilinx.com:vcu118:part0:2.0 available at D:/SSC/Vivado/2024.1/data/xhub/boards/XilinxBoardStore/boards/Xilinx/vcu118/2.0/board.xml as part xcvu9p-flga2104-2l-e specified in board_part file is either invalid or not available
WARNING: [Board 49-26] cannot add Board Part xilinx.com:vcu118:part0:2.3 available at D:/SSC/Vivado/2024.1/data/xhub/boards/XilinxBoardStore/boards/Xilinx/vcu118/2.3/board.xml as part xcvu9p-flga2104-2l-e specified in board_part file is either invalid or not available
WARNING: [Board 49-26] cannot add Board Part xilinx.com:vcu118:part0:2.4 available at D:/SSC/Vivado/2024.1/data/xhub/boards/XilinxBoardStore/boards/Xilinx/vcu118/2.4/board.xml as part xcvu9p-flga2104-2l-e specified in board_part file is either invalid or not available
WARNING: [Board 49-26] cannot add Board Part xilinx.com:vcu129:part0:1.0 available at D:/SSC/Vivado/2024.1/data/xhub/boards/XilinxBoardStore/boards/Xilinx/vcu129/production/1.0/board.xml as part xcvu29p-fsga2577-2l-e specified in board_part file is either invalid or not available
WARNING: [Board 49-26] cannot add Board Part xilinx.com:vcu1525:part0:1.3 available at D:/SSC/Vivado/2024.1/data/xhub/boards/XilinxBoardStore/boards/Xilinx/vcu1525/1.3/board.xml as part xcvu9p-fsgd2104-2l-e specified in board_part file is either invalid or not available
WARNING: [Board 49-26] cannot add Board Part xilinx.com:vek280:part0:1.0 available at D:/SSC/Vivado/2024.1/data/xhub/boards/XilinxBoardStore/boards/Xilinx/vek280/production/1.0/board.xml as part xcve2802-vsvh1760-2mp-e-s specified in board_part file is either invalid or not available
WARNING: [Board 49-26] cannot add Board Part xilinx.com:vek280:part0:1.1 available at D:/SSC/Vivado/2024.1/data/xhub/boards/XilinxBoardStore/boards/Xilinx/vek280/production/1.1/board.xml as part xcve2802-vsvh1760-2mp-e-s specified in board_part file is either invalid or not available
WARNING: [Board 49-26] cannot add Board Part xilinx.com:vek280:part0:1.2 available at D:/SSC/Vivado/2024.1/data/xhub/boards/XilinxBoardStore/boards/Xilinx/vek280/production/1.2/board.xml as part xcve2802-vsvh1760-2mp-e-s specified in board_part file is either invalid or not available
WARNING: [Board 49-26] cannot add Board Part xilinx.com:vek280_es:part0:1.0 available at D:/SSC/Vivado/2024.1/data/xhub/boards/XilinxBoardStore/boards/Xilinx/vek280/es/rev_a/1.0/board.xml as part xcve2802-vsvh1760-2lp-e-s-es1 specified in board_part file is either invalid or not available
WARNING: [Board 49-26] cannot add Board Part xilinx.com:vek280_es:part0:1.1 available at D:/SSC/Vivado/2024.1/data/xhub/boards/XilinxBoardStore/boards/Xilinx/vek280/es/rev_a/1.1/board.xml as part xcve2802-vsvh1760-2lp-e-s-es1 specified in board_part file is either invalid or not available
WARNING: [Board 49-26] cannot add Board Part xilinx.com:vek280_es_revb:part0:1.0 available at D:/SSC/Vivado/2024.1/data/xhub/boards/XilinxBoardStore/boards/Xilinx/vek280/es/rev_b/1.0/board.xml as part xcve2802-vsvh1760-2mp-e-s-es1 specified in board_part file is either invalid or not available
WARNING: [Board 49-26] cannot add Board Part xilinx.com:vek280_es_revb:part0:1.1 available at D:/SSC/Vivado/2024.1/data/xhub/boards/XilinxBoardStore/boards/Xilinx/vek280/es/rev_b/1.1/board.xml as part xcve2802-vsvh1760-2mp-e-s-es1 specified in board_part file is either invalid or not available
WARNING: [Board 49-26] cannot add Board Part xilinx.com:vermeo_t1_mpsoc:part0:1.0 available at D:/SSC/Vivado/2024.1/data/xhub/boards/XilinxBoardStore/boards/Xilinx/vermeo_t1_mpsoc/1.0/board.xml as part xczu19eg-ffvd1760-2l-e specified in board_part file is either invalid or not available
WARNING: [Board 49-26] cannot add Board Part xilinx.com:vermeo_t1_rfsoc:part0:1.0 available at D:/SSC/Vivado/2024.1/data/xhub/boards/XilinxBoardStore/boards/Xilinx/vermeo_t1_rfsoc/1.0/board.xml as part xczu21dr-ffvd1156-2l-e specified in board_part file is either invalid or not available
WARNING: [Board 49-26] cannot add Board Part xilinx.com:vhk158:part0:1.0 available at D:/SSC/Vivado/2024.1/data/xhub/boards/XilinxBoardStore/boards/Xilinx/vhk158/production/1.0/board.xml as part xcvh1582-vsva3697-2mp-e-s specified in board_part file is either invalid or not available
WARNING: [Board 49-26] cannot add Board Part xilinx.com:vhk158:part0:1.1 available at D:/SSC/Vivado/2024.1/data/xhub/boards/XilinxBoardStore/boards/Xilinx/vhk158/production/1.1/board.xml as part xcvh1582-vsva3697-2mp-e-s specified in board_part file is either invalid or not available
WARNING: [Board 49-26] cannot add Board Part xilinx.com:vhk158_es:part0:1.0 available at D:/SSC/Vivado/2024.1/data/xhub/boards/XilinxBoardStore/boards/Xilinx/vhk158/es/1.0/board.xml as part xcvh1582-vsva3697-2mp-e-s-es1 specified in board_part file is either invalid or not available
WARNING: [Board 49-26] cannot add Board Part xilinx.com:vhk158_es:part0:1.1 available at D:/SSC/Vivado/2024.1/data/xhub/boards/XilinxBoardStore/boards/Xilinx/vhk158/es/1.1/board.xml as part xcvh1582-vsva3697-2mp-e-s-es1 specified in board_part file is either invalid or not available
WARNING: [Board 49-26] cannot add Board Part xilinx.com:vmk180:part0:2.2 available at D:/SSC/Vivado/2024.1/data/xhub/boards/XilinxBoardStore/boards/Xilinx/vmk180/production/2.2/board.xml as part xcvm1802-vsva2197-2mp-e-s specified in board_part file is either invalid or not available
WARNING: [Board 49-26] cannot add Board Part xilinx.com:vmk180:part0:3.0 available at D:/SSC/Vivado/2024.1/data/xhub/boards/XilinxBoardStore/boards/Xilinx/vmk180/production/3.0/board.xml as part xcvm1802-vsva2197-2mp-e-s specified in board_part file is either invalid or not available
WARNING: [Board 49-26] cannot add Board Part xilinx.com:vmk180:part0:3.1 available at D:/SSC/Vivado/2024.1/data/xhub/boards/XilinxBoardStore/boards/Xilinx/vmk180/production/3.1/board.xml as part xcvm1802-vsva2197-2mp-e-s specified in board_part file is either invalid or not available
WARNING: [Board 49-26] cannot add Board Part xilinx.com:vmk180:part0:3.2 available at D:/SSC/Vivado/2024.1/data/xhub/boards/XilinxBoardStore/boards/Xilinx/vmk180/production/3.2/board.xml as part xcvm1802-vsva2197-2mp-e-s specified in board_part file is either invalid or not available
WARNING: [Board 49-26] cannot add Board Part xilinx.com:vmk180_newl:part0:1.0 available at D:/SSC/Vivado/2024.1/data/xhub/boards/XilinxBoardStore/boards/Xilinx/vmk180_newl/production/1.0/board.xml as part xcvm1802-vsva2197-2mp-e-s specified in board_part file is either invalid or not available
WARNING: [Board 49-26] cannot add Board Part xilinx.com:vmk180_newl:part0:1.1 available at D:/SSC/Vivado/2024.1/data/xhub/boards/XilinxBoardStore/boards/Xilinx/vmk180_newl/production/1.1/board.xml as part xcvm1802-vsva2197-2mp-e-s specified in board_part file is either invalid or not available
WARNING: [Board 49-26] cannot add Board Part xilinx.com:vpk120:part0:1.0 available at D:/SSC/Vivado/2024.1/data/xhub/boards/XilinxBoardStore/boards/Xilinx/vpk120/production/1.0/board.xml as part xcvp1202-vsva2785-2mp-e-s specified in board_part file is either invalid or not available
WARNING: [Board 49-26] cannot add Board Part xilinx.com:vpk120:part0:1.1 available at D:/SSC/Vivado/2024.1/data/xhub/boards/XilinxBoardStore/boards/Xilinx/vpk120/production/1.1/board.xml as part xcvp1202-vsva2785-2mp-e-s specified in board_part file is either invalid or not available
WARNING: [Board 49-26] cannot add Board Part xilinx.com:vpk120:part0:1.2 available at D:/SSC/Vivado/2024.1/data/xhub/boards/XilinxBoardStore/boards/Xilinx/vpk120/production/1.2/board.xml as part xcvp1202-vsva2785-2mp-e-s specified in board_part file is either invalid or not available
WARNING: [Board 49-26] cannot add Board Part xilinx.com:vpk180:part0:1.0 available at D:/SSC/Vivado/2024.1/data/xhub/boards/XilinxBoardStore/boards/Xilinx/vpk180/production/1.0/board.xml as part xcvp1802-lsvc4072-2mp-e-s specified in board_part file is either invalid or not available
WARNING: [Board 49-26] cannot add Board Part xilinx.com:vpk180:part0:1.1 available at D:/SSC/Vivado/2024.1/data/xhub/boards/XilinxBoardStore/boards/Xilinx/vpk180/production/1.1/board.xml as part xcvp1802-lsvc4072-2mp-e-s specified in board_part file is either invalid or not available
WARNING: [Board 49-26] cannot add Board Part xilinx.com:vpk180:part0:1.2 available at D:/SSC/Vivado/2024.1/data/xhub/boards/XilinxBoardStore/boards/Xilinx/vpk180/production/1.2/board.xml as part xcvp1802-lsvc4072-2mp-e-s specified in board_part file is either invalid or not available
WARNING: [Board 49-26] cannot add Board Part xilinx.com:zc706:part0:1.4 available at D:/SSC/Vivado/2024.1/data/xhub/boards/XilinxBoardStore/boards/Xilinx/zc706/1.4/board.xml as part xc7z045ffg900-2 specified in board_part file is either invalid or not available
WARNING: [Board 49-26] cannot add Board Part xilinx.com:zcu102:part0:3.3 available at D:/SSC/Vivado/2024.1/data/xhub/boards/XilinxBoardStore/boards/Xilinx/zcu102/3.3/board.xml as part xczu9eg-ffvb1156-2-e specified in board_part file is either invalid or not available
WARNING: [Board 49-26] cannot add Board Part xilinx.com:zcu102:part0:3.4 available at D:/SSC/Vivado/2024.1/data/xhub/boards/XilinxBoardStore/boards/Xilinx/zcu102/3.4/board.xml as part xczu9eg-ffvb1156-2-e specified in board_part file is either invalid or not available
WARNING: [Board 49-26] cannot add Board Part xilinx.com:zcu111:part0:1.2 available at D:/SSC/Vivado/2024.1/data/xhub/boards/XilinxBoardStore/boards/Xilinx/zcu111/1.2/board.xml as part xczu28dr-ffvg1517-2-e specified in board_part file is either invalid or not available
WARNING: [Board 49-26] cannot add Board Part xilinx.com:zcu111:part0:1.3 available at D:/SSC/Vivado/2024.1/data/xhub/boards/XilinxBoardStore/boards/Xilinx/zcu111/1.3/board.xml as part xczu28dr-ffvg1517-2-e specified in board_part file is either invalid or not available
WARNING: [Board 49-26] cannot add Board Part xilinx.com:zcu111:part0:1.4 available at D:/SSC/Vivado/2024.1/data/xhub/boards/XilinxBoardStore/boards/Xilinx/zcu111/1.4/board.xml as part xczu28dr-ffvg1517-2-e specified in board_part file is either invalid or not available
WARNING: [Board 49-26] cannot add Board Part xilinx.com:zcu1275:part0:1.0 available at D:/SSC/Vivado/2024.1/data/xhub/boards/XilinxBoardStore/boards/Xilinx/zcu1275/1.0/board.xml as part xczu29dr-ffvf1760-2-e specified in board_part file is either invalid or not available
WARNING: [Board 49-26] cannot add Board Part xilinx.com:zcu1285:part0:1.0 available at D:/SSC/Vivado/2024.1/data/xhub/boards/XilinxBoardStore/boards/Xilinx/zcu1285/1.0/board.xml as part xczu39dr-ffvf1760-2-i specified in board_part file is either invalid or not available
WARNING: [Board 49-26] cannot add Board Part xilinx.com:zcu208:part0:2.0 available at D:/SSC/Vivado/2024.1/data/xhub/boards/XilinxBoardStore/boards/Xilinx/zcu208/production/2.0/board.xml as part xczu48dr-fsvg1517-2-e specified in board_part file is either invalid or not available
WARNING: [Board 49-26] cannot add Board Part xilinx.com:zcu208ld:part0:2.0 available at D:/SSC/Vivado/2024.1/data/xhub/boards/XilinxBoardStore/boards/Xilinx/zcu208ld/production/2.0/board.xml as part xczu58dr-fsvg1517-2-i specified in board_part file is either invalid or not available
WARNING: [Board 49-26] cannot add Board Part xilinx.com:zcu216:part0:2.0 available at D:/SSC/Vivado/2024.1/data/xhub/boards/XilinxBoardStore/boards/Xilinx/zcu216/production/2.0/board.xml as part xczu49dr-ffvf1760-2-e specified in board_part file is either invalid or not available
WARNING: [Board 49-26] cannot add Board Part xilinx.com:zcu216ld:part0:2.0 available at D:/SSC/Vivado/2024.1/data/xhub/boards/XilinxBoardStore/boards/Xilinx/zcu216ld/production/2.0/board.xml as part xczu59dr-ffvf1760-2-i specified in board_part file is either invalid or not available
WARNING: [Board 49-26] cannot add Board Part xilinx.com:zcu670:part0:2.0 available at D:/SSC/Vivado/2024.1/data/xhub/boards/XilinxBoardStore/boards/Xilinx/zcu670/2.0/board.xml as part xczu67dr-fsve1156-2-i specified in board_part file is either invalid or not available
WARNING: [Board 49-26] cannot add Board Part xilinx.com:zcu670ld:part0:1.0 available at D:/SSC/Vivado/2024.1/data/xhub/boards/XilinxBoardStore/boards/Xilinx/zcu670ld/1.0/board.xml as part xczu57dr-fsve1156-2-i specified in board_part file is either invalid or not available
INFO: [filemgmt 56-3] Default IP Output Path : Could not find the directory 'D:/SSC/proiectSSC/Sistem_de_Iluminare_Inteligent/Sistem_de_Iluminare_Inteligent.gen/sources_1'.
WARNING: [filemgmt 56-3] IPUserFilesDir: Could not find the directory 'D:/SSC/proiectSSC/Sistem_de_Iluminare_Inteligent/Sistem_de_Iluminare_Inteligent.ip_user_files'.
Scanning sources...
Finished scanning sources
WARNING: [Project 1-509] GeneratedRun file for 'synth_1' not found
WARNING: [Project 1-509] GeneratedRun file for 'design_1_processing_system7_0_0_synth_1' not found
WARNING: [Project 1-509] GeneratedRun file for 'design_1_xbar_0_synth_1' not found
WARNING: [Project 1-509] GeneratedRun file for 'design_1_axi_quad_spi_0_0_synth_1' not found
WARNING: [Project 1-509] GeneratedRun file for 'design_1_PWM_Unit_0_0_synth_1' not found
WARNING: [Project 1-509] GeneratedRun file for 'design_1_keyPad_Unit_0_0_synth_1' not found
WARNING: [Project 1-509] GeneratedRun file for 'impl_1' not found
WARNING: [Board 49-151] The current board 'digilentinc.com::zybo-z7-20:1.2' is from a local repo. The vivado install has a corresponding board with version greater than or equal to the local repo board. Please use boards from vivado install to avoid any upgrade/migrate issues
INFO: [IP_Flow 19-234] Refreshing IP repositories
INFO: [IP_Flow 19-1704] No user IP repositories specified
INFO: [IP_Flow 19-2313] Loaded Vivado IP repository 'D:/SSC/Vivado/2024.1/data/ip'.
INFO: [Ipptcl 7-1463] No Compatible Board Interface found. Board Tab not created in customize GUI
CRITICAL WARNING: [PSU-1]  Parameter : PCW_UIPARAM_DDR_DQS_TO_CLK_DELAY_0 has negative value -0.050 . PS DDR interfaces might fail when entering negative DQS skew values. 
CRITICAL WARNING: [PSU-2]  Parameter : PCW_UIPARAM_DDR_DQS_TO_CLK_DELAY_1 has negative value -0.044 . PS DDR interfaces might fail when entering negative DQS skew values. 
CRITICAL WARNING: [PSU-3]  Parameter : PCW_UIPARAM_DDR_DQS_TO_CLK_DELAY_2 has negative value -0.035 . PS DDR interfaces might fail when entering negative DQS skew values. 
CRITICAL WARNING: [PSU-4]  Parameter : PCW_UIPARAM_DDR_DQS_TO_CLK_DELAY_3 has negative value -0.100 . PS DDR interfaces might fail when entering negative DQS skew values. 
CRITICAL WARNING: [PSU-1]  Parameter : PCW_UIPARAM_DDR_DQS_TO_CLK_DELAY_0 has negative value -0.050 . PS DDR interfaces might fail when entering negative DQS skew values. 
CRITICAL WARNING: [PSU-2]  Parameter : PCW_UIPARAM_DDR_DQS_TO_CLK_DELAY_1 has negative value -0.044 . PS DDR interfaces might fail when entering negative DQS skew values. 
CRITICAL WARNING: [PSU-3]  Parameter : PCW_UIPARAM_DDR_DQS_TO_CLK_DELAY_2 has negative value -0.035 . PS DDR interfaces might fail when entering negative DQS skew values. 
CRITICAL WARNING: [PSU-4]  Parameter : PCW_UIPARAM_DDR_DQS_TO_CLK_DELAY_3 has negative value -0.100 . PS DDR interfaces might fail when entering negative DQS skew values. 
CRITICAL WARNING: [PSU-1]  Parameter : PCW_UIPARAM_DDR_DQS_TO_CLK_DELAY_0 has negative value -0.050 . PS DDR interfaces might fail when entering negative DQS skew values. 
CRITICAL WARNING: [PSU-2]  Parameter : PCW_UIPARAM_DDR_DQS_TO_CLK_DELAY_1 has negative value -0.044 . PS DDR interfaces might fail when entering negative DQS skew values. 
CRITICAL WARNING: [PSU-3]  Parameter : PCW_UIPARAM_DDR_DQS_TO_CLK_DELAY_2 has negative value -0.035 . PS DDR interfaces might fail when entering negative DQS skew values. 
CRITICAL WARNING: [PSU-4]  Parameter : PCW_UIPARAM_DDR_DQS_TO_CLK_DELAY_3 has negative value -0.100 . PS DDR interfaces might fail when entering negative DQS skew values. 
CRITICAL WARNING: [PSU-1]  Parameter : PCW_UIPARAM_DDR_DQS_TO_CLK_DELAY_0 has negative value -0.050 . PS DDR interfaces might fail when entering negative DQS skew values. 
CRITICAL WARNING: [PSU-2]  Parameter : PCW_UIPARAM_DDR_DQS_TO_CLK_DELAY_1 has negative value -0.044 . PS DDR interfaces might fail when entering negative DQS skew values. 
CRITICAL WARNING: [PSU-3]  Parameter : PCW_UIPARAM_DDR_DQS_TO_CLK_DELAY_2 has negative value -0.035 . PS DDR interfaces might fail when entering negative DQS skew values. 
CRITICAL WARNING: [PSU-4]  Parameter : PCW_UIPARAM_DDR_DQS_TO_CLK_DELAY_3 has negative value -0.100 . PS DDR interfaces might fail when entering negative DQS skew values. 
CRITICAL WARNING: [PSU-1]  Parameter : PCW_UIPARAM_DDR_DQS_TO_CLK_DELAY_0 has negative value -0.050 . PS DDR interfaces might fail when entering negative DQS skew values. 
CRITICAL WARNING: [PSU-2]  Parameter : PCW_UIPARAM_DDR_DQS_TO_CLK_DELAY_1 has negative value -0.044 . PS DDR interfaces might fail when entering negative DQS skew values. 
CRITICAL WARNING: [PSU-3]  Parameter : PCW_UIPARAM_DDR_DQS_TO_CLK_DELAY_2 has negative value -0.035 . PS DDR interfaces might fail when entering negative DQS skew values. 
CRITICAL WARNING: [PSU-4]  Parameter : PCW_UIPARAM_DDR_DQS_TO_CLK_DELAY_3 has negative value -0.100 . PS DDR interfaces might fail when entering negative DQS skew values. 
open_project: Time (s): cpu = 00:00:34 ; elapsed = 00:00:43 . Memory (MB): peak = 1810.465 ; gain = 672.922
INFO: [IP_Flow 19-5107] Inferred bus interface 'reset' of definition 'xilinx.com:signal:reset:1.0' (from Xilinx Repository).
INFO: [IP_Flow 19-5107] Inferred bus interface 'clk' of definition 'xilinx.com:signal:clock:1.0' (from Xilinx Repository).
INFO: [IP_Flow 19-4728] Bus Interface 'clk': Added interface parameter 'ASSOCIATED_RESET' with value 'reset'.
WARNING: [IP_Flow 19-5661] Bus Interface 'clk' does not have any bus interfaces associated with it.
WARNING: [IP_Flow 19-11770] Clock interface 'clk' has no FREQ_HZ parameter.
INFO: [IP_Flow 19-5107] Inferred bus interface 'reset' of definition 'xilinx.com:signal:reset:1.0' (from Xilinx Repository).
INFO: [IP_Flow 19-5107] Inferred bus interface 'clk' of definition 'xilinx.com:signal:clock:1.0' (from Xilinx Repository).
INFO: [IP_Flow 19-4728] Bus Interface 'clk': Added interface parameter 'ASSOCIATED_RESET' with value 'reset'.
WARNING: [IP_Flow 19-5661] Bus Interface 'clk' does not have any bus interfaces associated with it.
WARNING: [IP_Flow 19-11770] Clock interface 'clk' has no FREQ_HZ parameter.
update_compile_order -fileset sources_1
WARNING: [filemgmt 56-199] Attempt to get parsing info during refresh. "On-the-fly" syntax checking information may be incorrect. [D:\SSC\proiectSSC\Sistem_de_Iluminare_Inteligent\Sistem_de_Iluminare_Inteligent.srcs\sources_1\new\debouncer.vhd:]
WARNING: [filemgmt 56-199] Attempt to get parsing info during refresh. "On-the-fly" syntax checking information may be incorrect. [D:\SSC\proiectSSC\Sistem_de_Iluminare_Inteligent\Sistem_de_Iluminare_Inteligent.srcs\sources_1\new\PWM_Unit.vhd:]
WARNING: [filemgmt 56-199] Attempt to get parsing info during refresh. "On-the-fly" syntax checking information may be incorrect. [D:\SSC\proiectSSC\Sistem_de_Iluminare_Inteligent\Sistem_de_Iluminare_Inteligent.srcs\sources_1\new\keyPad_Unit.vhd:]
WARNING: [filemgmt 56-199] Attempt to get parsing info during refresh. "On-the-fly" syntax checking information may be incorrect. [D:\SSC\proiectSSC\Sistem_de_Iluminare_Inteligent\Sistem_de_Iluminare_Inteligent.srcs\sources_1\new\PWM_Unit.vhd:]
WARNING: [filemgmt 56-199] Attempt to get parsing info during refresh. "On-the-fly" syntax checking information may be incorrect. [D:\SSC\proiectSSC\Sistem_de_Iluminare_Inteligent\Sistem_de_Iluminare_Inteligent.srcs\sources_1\new\PWM_Unit.vhd:]
WARNING: [filemgmt 56-199] Attempt to get parsing info during refresh. "On-the-fly" syntax checking information may be incorrect. [D:\SSC\proiectSSC\Sistem_de_Iluminare_Inteligent\Sistem_de_Iluminare_Inteligent.srcs\sources_1\new\debouncer.vhd:]
WARNING: [filemgmt 56-199] Attempt to get parsing info during refresh. "On-the-fly" syntax checking information may be incorrect. [D:\SSC\proiectSSC\Sistem_de_Iluminare_Inteligent\Sistem_de_Iluminare_Inteligent.srcs\sources_1\new\PWM_Unit.vhd:]
WARNING: [filemgmt 56-199] Attempt to get parsing info during refresh. "On-the-fly" syntax checking information may be incorrect. [D:\SSC\proiectSSC\Sistem_de_Iluminare_Inteligent\Sistem_de_Iluminare_Inteligent.srcs\sources_1\new\keyPad_Unit.vhd:]
WARNING: [filemgmt 56-199] Attempt to get parsing info during refresh. "On-the-fly" syntax checking information may be incorrect. [D:\SSC\proiectSSC\Sistem_de_Iluminare_Inteligent\Sistem_de_Iluminare_Inteligent.srcs\sources_1\new\debouncer.vhd:]
WARNING: [filemgmt 56-199] Attempt to get parsing info during refresh. "On-the-fly" syntax checking information may be incorrect. [D:\SSC\proiectSSC\Sistem_de_Iluminare_Inteligent\Sistem_de_Iluminare_Inteligent.srcs\sources_1\new\debouncer.vhd:]
ERROR: [Common 17-180] Spawn failed: No error
update_compile_order -fileset sources_1
WARNING: [filemgmt 56-199] Attempt to get parsing info during refresh. "On-the-fly" syntax checking information may be incorrect. [D:\SSC\proiectSSC\Sistem_de_Iluminare_Inteligent\Sistem_de_Iluminare_Inteligent.srcs\sources_1\new\debouncer.vhd:]
WARNING: [filemgmt 56-199] Attempt to get parsing info during refresh. "On-the-fly" syntax checking information may be incorrect. [D:\SSC\proiectSSC\Sistem_de_Iluminare_Inteligent\Sistem_de_Iluminare_Inteligent.srcs\sources_1\new\PWM_Unit.vhd:]
WARNING: [filemgmt 56-199] Attempt to get parsing info during refresh. "On-the-fly" syntax checking information may be incorrect. [D:\SSC\proiectSSC\Sistem_de_Iluminare_Inteligent\Sistem_de_Iluminare_Inteligent.srcs\sources_1\new\keyPad_Unit.vhd:]
WARNING: [filemgmt 56-199] Attempt to get parsing info during refresh. "On-the-fly" syntax checking information may be incorrect. [D:\SSC\proiectSSC\Sistem_de_Iluminare_Inteligent\Sistem_de_Iluminare_Inteligent.srcs\sources_1\new\debouncer.vhd:]
WARNING: [filemgmt 56-199] Attempt to get parsing info during refresh. "On-the-fly" syntax checking information may be incorrect. [D:\SSC\proiectSSC\Sistem_de_Iluminare_Inteligent\Sistem_de_Iluminare_Inteligent.srcs\sources_1\new\debouncer.vhd:]
WARNING: [filemgmt 56-199] Attempt to get parsing info during refresh. "On-the-fly" syntax checking information may be incorrect. [D:\SSC\proiectSSC\Sistem_de_Iluminare_Inteligent\Sistem_de_Iluminare_Inteligent.srcs\sources_1\new\debouncer.vhd:]
WARNING: [filemgmt 56-199] Attempt to get parsing info during refresh. "On-the-fly" syntax checking information may be incorrect. [D:\SSC\proiectSSC\Sistem_de_Iluminare_Inteligent\Sistem_de_Iluminare_Inteligent.srcs\sources_1\new\PWM_Unit.vhd:]
WARNING: [filemgmt 56-199] Attempt to get parsing info during refresh. "On-the-fly" syntax checking information may be incorrect. [D:\SSC\proiectSSC\Sistem_de_Iluminare_Inteligent\Sistem_de_Iluminare_Inteligent.srcs\sources_1\new\keyPad_Unit.vhd:]
WARNING: [filemgmt 56-199] Attempt to get parsing info during refresh. "On-the-fly" syntax checking information may be incorrect. [D:\SSC\proiectSSC\Sistem_de_Iluminare_Inteligent\Sistem_de_Iluminare_Inteligent.srcs\sources_1\new\PWM_Unit.vhd:]
WARNING: [filemgmt 56-199] Attempt to get parsing info during refresh. "On-the-fly" syntax checking information may be incorrect. [D:\SSC\proiectSSC\Sistem_de_Iluminare_Inteligent\Sistem_de_Iluminare_Inteligent.srcs\sources_1\new\PWM_Unit.vhd:]
open_bd_design {D:/SSC/proiectSSC/Sistem_de_Iluminare_Inteligent/Sistem_de_Iluminare_Inteligent.srcs/sources_1/bd/design_1/design_1.bd}
Reading block design file <D:/SSC/proiectSSC/Sistem_de_Iluminare_Inteligent/Sistem_de_Iluminare_Inteligent.srcs/sources_1/bd/design_1/design_1.bd>...
Adding component instance block -- xilinx.com:ip:processing_system7:5.5 - processing_system7_0
CRITICAL WARNING: [PSU-1]  Parameter : PCW_UIPARAM_DDR_DQS_TO_CLK_DELAY_0 has negative value -0.050 . PS DDR interfaces might fail when entering negative DQS skew values. 
CRITICAL WARNING: [PSU-2]  Parameter : PCW_UIPARAM_DDR_DQS_TO_CLK_DELAY_1 has negative value -0.044 . PS DDR interfaces might fail when entering negative DQS skew values. 
CRITICAL WARNING: [PSU-3]  Parameter : PCW_UIPARAM_DDR_DQS_TO_CLK_DELAY_2 has negative value -0.035 . PS DDR interfaces might fail when entering negative DQS skew values. 
CRITICAL WARNING: [PSU-4]  Parameter : PCW_UIPARAM_DDR_DQS_TO_CLK_DELAY_3 has negative value -0.100 . PS DDR interfaces might fail when entering negative DQS skew values. 
CRITICAL WARNING: [PSU-1]  Parameter : PCW_UIPARAM_DDR_DQS_TO_CLK_DELAY_0 has negative value -0.050 . PS DDR interfaces might fail when entering negative DQS skew values. 
CRITICAL WARNING: [PSU-2]  Parameter : PCW_UIPARAM_DDR_DQS_TO_CLK_DELAY_1 has negative value -0.044 . PS DDR interfaces might fail when entering negative DQS skew values. 
CRITICAL WARNING: [PSU-3]  Parameter : PCW_UIPARAM_DDR_DQS_TO_CLK_DELAY_2 has negative value -0.035 . PS DDR interfaces might fail when entering negative DQS skew values. 
CRITICAL WARNING: [PSU-4]  Parameter : PCW_UIPARAM_DDR_DQS_TO_CLK_DELAY_3 has negative value -0.100 . PS DDR interfaces might fail when entering negative DQS skew values. 
CRITICAL WARNING: [PSU-1]  Parameter : PCW_UIPARAM_DDR_DQS_TO_CLK_DELAY_0 has negative value -0.050 . PS DDR interfaces might fail when entering negative DQS skew values. 
CRITICAL WARNING: [PSU-2]  Parameter : PCW_UIPARAM_DDR_DQS_TO_CLK_DELAY_1 has negative value -0.044 . PS DDR interfaces might fail when entering negative DQS skew values. 
CRITICAL WARNING: [PSU-3]  Parameter : PCW_UIPARAM_DDR_DQS_TO_CLK_DELAY_2 has negative value -0.035 . PS DDR interfaces might fail when entering negative DQS skew values. 
CRITICAL WARNING: [PSU-4]  Parameter : PCW_UIPARAM_DDR_DQS_TO_CLK_DELAY_3 has negative value -0.100 . PS DDR interfaces might fail when entering negative DQS skew values. 
Adding component instance block -- xilinx.com:ip:axi_interconnect:2.1 - ps7_0_axi_periph
Adding component instance block -- xilinx.com:ip:axi_crossbar:2.1 - xbar
Adding component instance block -- xilinx.com:ip:axi_protocol_converter:2.1 - auto_pc
Adding component instance block -- xilinx.com:ip:proc_sys_reset:5.0 - rst_ps7_0_50M
Adding component instance block -- xilinx.com:module_ref:PWM_Unit:1.0 - PWM_Unit_0
INFO: [IP_Flow 19-5107] Inferred bus interface 'reset' of definition 'xilinx.com:signal:reset:1.0' (from Xilinx Repository).
INFO: [IP_Flow 19-5107] Inferred bus interface 'clk' of definition 'xilinx.com:signal:clock:1.0' (from Xilinx Repository).
INFO: [IP_Flow 19-4728] Bus Interface 'clk': Added interface parameter 'ASSOCIATED_RESET' with value 'reset'.
WARNING: [IP_Flow 19-5661] Bus Interface 'clk' does not have any bus interfaces associated with it.
WARNING: [IP_Flow 19-11770] Clock interface 'clk' has no FREQ_HZ parameter.
INFO: [IP_Flow 19-3420] Updated design_1_PWM_Unit_0_0 to use current project options
Adding component instance block -- xilinx.com:module_ref:keyPad_Unit:1.0 - keyPad_Unit_0
INFO: [IP_Flow 19-5107] Inferred bus interface 'reset' of definition 'xilinx.com:signal:reset:1.0' (from Xilinx Repository).
INFO: [IP_Flow 19-5107] Inferred bus interface 'clk' of definition 'xilinx.com:signal:clock:1.0' (from Xilinx Repository).
INFO: [IP_Flow 19-4728] Bus Interface 'clk': Added interface parameter 'ASSOCIATED_RESET' with value 'reset'.
WARNING: [IP_Flow 19-5661] Bus Interface 'clk' does not have any bus interfaces associated with it.
WARNING: [IP_Flow 19-11770] Clock interface 'clk' has no FREQ_HZ parameter.
INFO: [IP_Flow 19-3420] Updated design_1_keyPad_Unit_0_0 to use current project options
Adding component instance block -- xilinx.com:ip:axi_gpio:2.0 - axi_duty_cycle
Adding component instance block -- xilinx.com:ip:axi_gpio:2.0 - axi_keycode
Adding component instance block -- xilinx.com:ip:axi_gpio:2.0 - axi_key_pulse
Adding component instance block -- xilinx.com:ip:axi_gpio:2.0 - axi_mode
Adding component instance block -- xilinx.com:ip:axi_quad_spi:3.2 - axi_quad_spi_0
WARNING: [BD 41-721] Attempt to set value '0' on disabled parameter 'C_S_AXI4_ID_WIDTH' of cell '/axi_quad_spi_0' is ignored
Successfully read diagram <design_1> from block design file <D:/SSC/proiectSSC/Sistem_de_Iluminare_Inteligent/Sistem_de_Iluminare_Inteligent.srcs/sources_1/bd/design_1/design_1.bd>
open_bd_design: Time (s): cpu = 00:00:11 ; elapsed = 00:00:20 . Memory (MB): peak = 1964.727 ; gain = 122.094
open_bd_design {D:/SSC/proiectSSC/Sistem_de_Iluminare_Inteligent/Sistem_de_Iluminare_Inteligent.srcs/sources_1/bd/design_1/design_1.bd}
validate_bd_design
INFO: [xilinx.com:ip:axi_quad_spi:3.2-1] /axi_quad_spi_0 
                   #######################################################################################
                   INFO: AXI Quad SPI core's AXI Lite Clock and EXT SPI CLK are synchronous to each other.
                   ########################################################################################
make_wrapper -files [get_files D:/SSC/proiectSSC/Sistem_de_Iluminare_Inteligent/Sistem_de_Iluminare_Inteligent.srcs/sources_1/bd/design_1/design_1.bd] -top
INFO: [BD 41-1662] The design 'design_1.bd' is already validated. Therefore parameter propagation will not be re-run.
Wrote  : <D:\SSC\proiectSSC\Sistem_de_Iluminare_Inteligent\Sistem_de_Iluminare_Inteligent.srcs\sources_1\bd\design_1\design_1.bd> 
Wrote  : <D:/SSC/proiectSSC/Sistem_de_Iluminare_Inteligent/Sistem_de_Iluminare_Inteligent.srcs/sources_1/bd/design_1/ui/bd_1f5defd0.ui> 
Verilog Output written to : d:/SSC/proiectSSC/Sistem_de_Iluminare_Inteligent/Sistem_de_Iluminare_Inteligent.gen/sources_1/bd/design_1/synth/design_1.v
Verilog Output written to : d:/SSC/proiectSSC/Sistem_de_Iluminare_Inteligent/Sistem_de_Iluminare_Inteligent.gen/sources_1/bd/design_1/sim/design_1.v
Verilog Output written to : d:/SSC/proiectSSC/Sistem_de_Iluminare_Inteligent/Sistem_de_Iluminare_Inteligent.gen/sources_1/bd/design_1/hdl/design_1_wrapper.v
make_wrapper: Time (s): cpu = 00:00:03 ; elapsed = 00:00:21 . Memory (MB): peak = 2252.992 ; gain = 233.469
add_files -norecurse d:/SSC/proiectSSC/Sistem_de_Iluminare_Inteligent/Sistem_de_Iluminare_Inteligent.gen/sources_1/bd/design_1/hdl/design_1_wrapper.v
WARNING: [filemgmt 56-199] Attempt to get parsing info during refresh. "On-the-fly" syntax checking information may be incorrect. [D:\SSC\proiectSSC\Sistem_de_Iluminare_Inteligent\Sistem_de_Iluminare_Inteligent.srcs\sources_1\new\debouncer.vhd:]
WARNING: [filemgmt 56-199] Attempt to get parsing info during refresh. "On-the-fly" syntax checking information may be incorrect. [D:\SSC\proiectSSC\Sistem_de_Iluminare_Inteligent\Sistem_de_Iluminare_Inteligent.srcs\sources_1\new\PWM_Unit.vhd:]
WARNING: [filemgmt 56-199] Attempt to get parsing info during refresh. "On-the-fly" syntax checking information may be incorrect. [D:\SSC\proiectSSC\Sistem_de_Iluminare_Inteligent\Sistem_de_Iluminare_Inteligent.srcs\sources_1\new\keyPad_Unit.vhd:]
WARNING: [filemgmt 56-199] Attempt to get parsing info during refresh. "On-the-fly" syntax checking information may be incorrect. [D:\SSC\proiectSSC\Sistem_de_Iluminare_Inteligent\Sistem_de_Iluminare_Inteligent.srcs\sources_1\new\debouncer.vhd:]
WARNING: [filemgmt 56-199] Attempt to get parsing info during refresh. "On-the-fly" syntax checking information may be incorrect. [D:\SSC\proiectSSC\Sistem_de_Iluminare_Inteligent\Sistem_de_Iluminare_Inteligent.srcs\sources_1\new\debouncer.vhd:]
WARNING: [filemgmt 56-199] Attempt to get parsing info during refresh. "On-the-fly" syntax checking information may be incorrect. [D:\SSC\proiectSSC\Sistem_de_Iluminare_Inteligent\Sistem_de_Iluminare_Inteligent.srcs\sources_1\new\debouncer.vhd:]
WARNING: [filemgmt 56-199] Attempt to get parsing info during refresh. "On-the-fly" syntax checking information may be incorrect. [D:\SSC\proiectSSC\Sistem_de_Iluminare_Inteligent\Sistem_de_Iluminare_Inteligent.srcs\sources_1\new\PWM_Unit.vhd:]
WARNING: [filemgmt 56-199] Attempt to get parsing info during refresh. "On-the-fly" syntax checking information may be incorrect. [D:\SSC\proiectSSC\Sistem_de_Iluminare_Inteligent\Sistem_de_Iluminare_Inteligent.srcs\sources_1\new\keyPad_Unit.vhd:]
WARNING: [filemgmt 56-199] Attempt to get parsing info during refresh. "On-the-fly" syntax checking information may be incorrect. [D:\SSC\proiectSSC\Sistem_de_Iluminare_Inteligent\Sistem_de_Iluminare_Inteligent.srcs\sources_1\new\keyPad_Unit.vhd:]
WARNING: [filemgmt 56-199] Attempt to get parsing info during refresh. "On-the-fly" syntax checking information may be incorrect. [D:\SSC\proiectSSC\Sistem_de_Iluminare_Inteligent\Sistem_de_Iluminare_Inteligent.srcs\sources_1\new\keyPad_Unit.vhd:]
ERROR: [Common 17-180] Spawn failed: No error
update_compile_order -fileset sources_1
WARNING: [filemgmt 56-199] Attempt to get parsing info during refresh. "On-the-fly" syntax checking information may be incorrect. [D:\SSC\proiectSSC\Sistem_de_Iluminare_Inteligent\Sistem_de_Iluminare_Inteligent.srcs\sources_1\new\debouncer.vhd:]
WARNING: [filemgmt 56-199] Attempt to get parsing info during refresh. "On-the-fly" syntax checking information may be incorrect. [D:\SSC\proiectSSC\Sistem_de_Iluminare_Inteligent\Sistem_de_Iluminare_Inteligent.srcs\sources_1\new\PWM_Unit.vhd:]
WARNING: [filemgmt 56-199] Attempt to get parsing info during refresh. "On-the-fly" syntax checking information may be incorrect. [D:\SSC\proiectSSC\Sistem_de_Iluminare_Inteligent\Sistem_de_Iluminare_Inteligent.srcs\sources_1\new\keyPad_Unit.vhd:]
WARNING: [filemgmt 56-199] Attempt to get parsing info during refresh. "On-the-fly" syntax checking information may be incorrect. [D:\SSC\proiectSSC\Sistem_de_Iluminare_Inteligent\Sistem_de_Iluminare_Inteligent.srcs\sources_1\new\debouncer.vhd:]
WARNING: [filemgmt 56-199] Attempt to get parsing info during refresh. "On-the-fly" syntax checking information may be incorrect. [D:\SSC\proiectSSC\Sistem_de_Iluminare_Inteligent\Sistem_de_Iluminare_Inteligent.srcs\sources_1\new\debouncer.vhd:]
WARNING: [filemgmt 56-199] Attempt to get parsing info during refresh. "On-the-fly" syntax checking information may be incorrect. [D:\SSC\proiectSSC\Sistem_de_Iluminare_Inteligent\Sistem_de_Iluminare_Inteligent.srcs\sources_1\new\debouncer.vhd:]
WARNING: [filemgmt 56-199] Attempt to get parsing info during refresh. "On-the-fly" syntax checking information may be incorrect. [D:\SSC\proiectSSC\Sistem_de_Iluminare_Inteligent\Sistem_de_Iluminare_Inteligent.srcs\sources_1\new\PWM_Unit.vhd:]
WARNING: [filemgmt 56-199] Attempt to get parsing info during refresh. "On-the-fly" syntax checking information may be incorrect. [D:\SSC\proiectSSC\Sistem_de_Iluminare_Inteligent\Sistem_de_Iluminare_Inteligent.srcs\sources_1\new\keyPad_Unit.vhd:]
WARNING: [filemgmt 56-199] Attempt to get parsing info during refresh. "On-the-fly" syntax checking information may be incorrect. [D:\SSC\proiectSSC\Sistem_de_Iluminare_Inteligent\Sistem_de_Iluminare_Inteligent.srcs\sources_1\new\PWM_Unit.vhd:]
WARNING: [filemgmt 56-199] Attempt to get parsing info during refresh. "On-the-fly" syntax checking information may be incorrect. [D:\SSC\proiectSSC\Sistem_de_Iluminare_Inteligent\Sistem_de_Iluminare_Inteligent.srcs\sources_1\new\PWM_Unit.vhd:]
update_compile_order -fileset sources_1
WARNING: [filemgmt 56-199] Attempt to get parsing info during refresh. "On-the-fly" syntax checking information may be incorrect. [D:\SSC\proiectSSC\Sistem_de_Iluminare_Inteligent\Sistem_de_Iluminare_Inteligent.srcs\sources_1\new\debouncer.vhd:]
WARNING: [filemgmt 56-199] Attempt to get parsing info during refresh. "On-the-fly" syntax checking information may be incorrect. [D:\SSC\proiectSSC\Sistem_de_Iluminare_Inteligent\Sistem_de_Iluminare_Inteligent.srcs\sources_1\new\PWM_Unit.vhd:]
WARNING: [filemgmt 56-199] Attempt to get parsing info during refresh. "On-the-fly" syntax checking information may be incorrect. [D:\SSC\proiectSSC\Sistem_de_Iluminare_Inteligent\Sistem_de_Iluminare_Inteligent.srcs\sources_1\new\keyPad_Unit.vhd:]
WARNING: [filemgmt 56-199] Attempt to get parsing info during refresh. "On-the-fly" syntax checking information may be incorrect. [D:\SSC\proiectSSC\Sistem_de_Iluminare_Inteligent\Sistem_de_Iluminare_Inteligent.srcs\sources_1\new\debouncer.vhd:]
WARNING: [filemgmt 56-199] Attempt to get parsing info during refresh. "On-the-fly" syntax checking information may be incorrect. [D:\SSC\proiectSSC\Sistem_de_Iluminare_Inteligent\Sistem_de_Iluminare_Inteligent.srcs\sources_1\new\debouncer.vhd:]
WARNING: [filemgmt 56-199] Attempt to get parsing info during refresh. "On-the-fly" syntax checking information may be incorrect. [D:\SSC\proiectSSC\Sistem_de_Iluminare_Inteligent\Sistem_de_Iluminare_Inteligent.srcs\sources_1\new\debouncer.vhd:]
WARNING: [filemgmt 56-199] Attempt to get parsing info during refresh. "On-the-fly" syntax checking information may be incorrect. [D:\SSC\proiectSSC\Sistem_de_Iluminare_Inteligent\Sistem_de_Iluminare_Inteligent.srcs\sources_1\new\PWM_Unit.vhd:]
WARNING: [filemgmt 56-199] Attempt to get parsing info during refresh. "On-the-fly" syntax checking information may be incorrect. [D:\SSC\proiectSSC\Sistem_de_Iluminare_Inteligent\Sistem_de_Iluminare_Inteligent.srcs\sources_1\new\keyPad_Unit.vhd:]
WARNING: [filemgmt 56-199] Attempt to get parsing info during refresh. "On-the-fly" syntax checking information may be incorrect. [D:\SSC\proiectSSC\Sistem_de_Iluminare_Inteligent\Sistem_de_Iluminare_Inteligent.srcs\sources_1\new\keyPad_Unit.vhd:]
WARNING: [filemgmt 56-199] Attempt to get parsing info during refresh. "On-the-fly" syntax checking information may be incorrect. [D:\SSC\proiectSSC\Sistem_de_Iluminare_Inteligent\Sistem_de_Iluminare_Inteligent.srcs\sources_1\new\keyPad_Unit.vhd:]
launch_runs impl_1 -to_step write_bitstream -jobs 8
INFO: [BD 41-1662] The design 'design_1.bd' is already validated. Therefore parameter propagation will not be re-run.
Verilog Output written to : d:/SSC/proiectSSC/Sistem_de_Iluminare_Inteligent/Sistem_de_Iluminare_Inteligent.gen/sources_1/bd/design_1/synth/design_1.v
Verilog Output written to : d:/SSC/proiectSSC/Sistem_de_Iluminare_Inteligent/Sistem_de_Iluminare_Inteligent.gen/sources_1/bd/design_1/sim/design_1.v
Verilog Output written to : d:/SSC/proiectSSC/Sistem_de_Iluminare_Inteligent/Sistem_de_Iluminare_Inteligent.gen/sources_1/bd/design_1/hdl/design_1_wrapper.v
INFO: [IP_Flow 19-5611] Unable to find an associated reset port for the interface 'M_AXI_GP0'. A default connection has been created.
INFO: [BD 41-1029] Generation completed for the IP Integrator block processing_system7_0 .
INFO: [BD 41-1029] Generation completed for the IP Integrator block ps7_0_axi_periph/xbar .
INFO: [BD 41-1029] Generation completed for the IP Integrator block rst_ps7_0_50M .
INFO: [BD 41-1029] Generation completed for the IP Integrator block PWM_Unit_0 .
INFO: [BD 41-1029] Generation completed for the IP Integrator block keyPad_Unit_0 .
INFO: [BD 41-1029] Generation completed for the IP Integrator block axi_duty_cycle .
INFO: [BD 41-1029] Generation completed for the IP Integrator block axi_keycode .
INFO: [BD 41-1029] Generation completed for the IP Integrator block axi_key_pulse .
INFO: [BD 41-1029] Generation completed for the IP Integrator block axi_mode .
INFO: [BD 41-1029] Generation completed for the IP Integrator block axi_quad_spi_0 .
WARNING: [IP_Flow 19-4994] Overwriting existing constraint file 'd:/SSC/proiectSSC/Sistem_de_Iluminare_Inteligent/Sistem_de_Iluminare_Inteligent.gen/sources_1/bd/design_1/ip/design_1_auto_pc_0/design_1_auto_pc_0_ooc.xdc'
INFO: [BD 41-1029] Generation completed for the IP Integrator block ps7_0_axi_periph/s00_couplers/auto_pc .
Exporting to file d:/SSC/proiectSSC/Sistem_de_Iluminare_Inteligent/Sistem_de_Iluminare_Inteligent.gen/sources_1/bd/design_1/hw_handoff/design_1.hwh
Generated Hardware Definition File d:/SSC/proiectSSC/Sistem_de_Iluminare_Inteligent/Sistem_de_Iluminare_Inteligent.gen/sources_1/bd/design_1/synth/design_1.hwdef
INFO: [IP_Flow 19-6930] IPCACHE: runCacheChecks() number of threads = 8
INFO: [IP_Flow 19-6921] IPCACHE: Adding cache check func to thread queue for IP design_1_auto_pc_0
INFO: [IP_Flow 19-6921] IPCACHE: Adding cache check func to thread queue for IP design_1_axi_gpio_0_1
INFO: [IP_Flow 19-6921] IPCACHE: Adding cache check func to thread queue for IP design_1_axi_gpio_0_2
INFO: [IP_Flow 19-6921] IPCACHE: Adding cache check func to thread queue for IP design_1_axi_gpio_0_3
INFO: [IP_Flow 19-6921] IPCACHE: Adding cache check func to thread queue for IP design_1_axi_gpio_0_4
INFO: [IP_Flow 19-6921] IPCACHE: Adding cache check func to thread queue for IP design_1_axi_quad_spi_0_0
INFO: [IP_Flow 19-6921] IPCACHE: Adding cache check func to thread queue for IP design_1_rst_ps7_0_50M_0
INFO: [IP_Flow 19-6921] IPCACHE: Adding cache check func to thread queue for IP design_1_xbar_0
INFO: [IP_Flow 19-8020] IPCACHE: runCacheChecks() calling threadPool finishWork()
INFO: [IP_Flow 19-6924] IPCACHE: Running cache check for IP inst: design_1_auto_pc_0
INFO: [IP_Flow 19-6924] IPCACHE: Running cache check for IP inst: design_1_axi_gpio_0_1
INFO: [IP_Flow 19-6924] IPCACHE: Running cache check for IP inst: design_1_axi_gpio_0_2
INFO: [IP_Flow 19-6924] IPCACHE: Running cache check for IP inst: design_1_axi_gpio_0_3
INFO: [IP_Flow 19-6924] IPCACHE: Running cache check for IP inst: design_1_axi_gpio_0_4
INFO: [IP_Flow 19-6924] IPCACHE: Running cache check for IP inst: design_1_axi_quad_spi_0_0
INFO: [IP_Flow 19-6924] IPCACHE: Running cache check for IP inst: design_1_rst_ps7_0_50M_0
INFO: [IP_Flow 19-6924] IPCACHE: Running cache check for IP inst: design_1_xbar_0
WARNING: [filemgmt 56-199] Attempt to get parsing info during refresh. "On-the-fly" syntax checking information may be incorrect. [D:\SSC\proiectSSC\Sistem_de_Iluminare_Inteligent\Sistem_de_Iluminare_Inteligent.srcs\sources_1\new\debouncer.vhd:]
WARNING: [filemgmt 56-199] Attempt to get parsing info during refresh. "On-the-fly" syntax checking information may be incorrect. [D:\SSC\proiectSSC\Sistem_de_Iluminare_Inteligent\Sistem_de_Iluminare_Inteligent.srcs\sources_1\new\PWM_Unit.vhd:]
WARNING: [filemgmt 56-199] Attempt to get parsing info during refresh. "On-the-fly" syntax checking information may be incorrect. [D:\SSC\proiectSSC\Sistem_de_Iluminare_Inteligent\Sistem_de_Iluminare_Inteligent.srcs\sources_1\new\keyPad_Unit.vhd:]
WARNING: [filemgmt 56-199] Attempt to get parsing info during refresh. "On-the-fly" syntax checking information may be incorrect. [D:\SSC\proiectSSC\Sistem_de_Iluminare_Inteligent\Sistem_de_Iluminare_Inteligent.srcs\sources_1\new\PWM_Unit.vhd:]
WARNING: [filemgmt 56-199] Attempt to get parsing info during refresh. "On-the-fly" syntax checking information may be incorrect. [D:\SSC\proiectSSC\Sistem_de_Iluminare_Inteligent\Sistem_de_Iluminare_Inteligent.srcs\sources_1\new\PWM_Unit.vhd:]
ERROR: [Common 17-180] Spawn failed: No error
WARNING: [filemgmt 56-199] Attempt to get parsing info during refresh. "On-the-fly" syntax checking information may be incorrect. [D:\SSC\proiectSSC\Sistem_de_Iluminare_Inteligent\Sistem_de_Iluminare_Inteligent.srcs\sources_1\new\debouncer.vhd:]
WARNING: [filemgmt 56-199] Attempt to get parsing info during refresh. "On-the-fly" syntax checking information may be incorrect. [D:\SSC\proiectSSC\Sistem_de_Iluminare_Inteligent\Sistem_de_Iluminare_Inteligent.srcs\sources_1\new\PWM_Unit.vhd:]
WARNING: [filemgmt 56-199] Attempt to get parsing info during refresh. "On-the-fly" syntax checking information may be incorrect. [D:\SSC\proiectSSC\Sistem_de_Iluminare_Inteligent\Sistem_de_Iluminare_Inteligent.srcs\sources_1\new\keyPad_Unit.vhd:]
WARNING: [filemgmt 56-199] Attempt to get parsing info during refresh. "On-the-fly" syntax checking information may be incorrect. [D:\SSC\proiectSSC\Sistem_de_Iluminare_Inteligent\Sistem_de_Iluminare_Inteligent.srcs\sources_1\new\PWM_Unit.vhd:]
WARNING: [filemgmt 56-199] Attempt to get parsing info during refresh. "On-the-fly" syntax checking information may be incorrect. [D:\SSC\proiectSSC\Sistem_de_Iluminare_Inteligent\Sistem_de_Iluminare_Inteligent.srcs\sources_1\new\PWM_Unit.vhd:]
ERROR: [Common 17-180] Spawn failed: No error
[Thu Dec  4 15:52:08 2025] Launched design_1_processing_system7_0_0_synth_1, design_1_xbar_0_synth_1, design_1_axi_quad_spi_0_0_synth_1, design_1_PWM_Unit_0_0_synth_1, design_1_keyPad_Unit_0_0_synth_1, design_1_auto_pc_0_synth_1, design_1_rst_ps7_0_50M_0_synth_1, design_1_axi_gpio_0_3_synth_1, design_1_axi_gpio_0_1_synth_1, design_1_axi_gpio_0_2_synth_1, design_1_axi_gpio_0_4_synth_1, synth_1...
Run output will be captured here:
design_1_processing_system7_0_0_synth_1: D:/SSC/proiectSSC/Sistem_de_Iluminare_Inteligent/Sistem_de_Iluminare_Inteligent.runs/design_1_processing_system7_0_0_synth_1/runme.log
design_1_xbar_0_synth_1: D:/SSC/proiectSSC/Sistem_de_Iluminare_Inteligent/Sistem_de_Iluminare_Inteligent.runs/design_1_xbar_0_synth_1/runme.log
design_1_axi_quad_spi_0_0_synth_1: D:/SSC/proiectSSC/Sistem_de_Iluminare_Inteligent/Sistem_de_Iluminare_Inteligent.runs/design_1_axi_quad_spi_0_0_synth_1/runme.log
design_1_PWM_Unit_0_0_synth_1: D:/SSC/proiectSSC/Sistem_de_Iluminare_Inteligent/Sistem_de_Iluminare_Inteligent.runs/design_1_PWM_Unit_0_0_synth_1/runme.log
design_1_keyPad_Unit_0_0_synth_1: D:/SSC/proiectSSC/Sistem_de_Iluminare_Inteligent/Sistem_de_Iluminare_Inteligent.runs/design_1_keyPad_Unit_0_0_synth_1/runme.log
design_1_auto_pc_0_synth_1: D:/SSC/proiectSSC/Sistem_de_Iluminare_Inteligent/Sistem_de_Iluminare_Inteligent.runs/design_1_auto_pc_0_synth_1/runme.log
design_1_rst_ps7_0_50M_0_synth_1: D:/SSC/proiectSSC/Sistem_de_Iluminare_Inteligent/Sistem_de_Iluminare_Inteligent.runs/design_1_rst_ps7_0_50M_0_synth_1/runme.log
design_1_axi_gpio_0_3_synth_1: D:/SSC/proiectSSC/Sistem_de_Iluminare_Inteligent/Sistem_de_Iluminare_Inteligent.runs/design_1_axi_gpio_0_3_synth_1/runme.log
design_1_axi_gpio_0_1_synth_1: D:/SSC/proiectSSC/Sistem_de_Iluminare_Inteligent/Sistem_de_Iluminare_Inteligent.runs/design_1_axi_gpio_0_1_synth_1/runme.log
design_1_axi_gpio_0_2_synth_1: D:/SSC/proiectSSC/Sistem_de_Iluminare_Inteligent/Sistem_de_Iluminare_Inteligent.runs/design_1_axi_gpio_0_2_synth_1/runme.log
design_1_axi_gpio_0_4_synth_1: D:/SSC/proiectSSC/Sistem_de_Iluminare_Inteligent/Sistem_de_Iluminare_Inteligent.runs/design_1_axi_gpio_0_4_synth_1/runme.log
synth_1: D:/SSC/proiectSSC/Sistem_de_Iluminare_Inteligent/Sistem_de_Iluminare_Inteligent.runs/synth_1/runme.log
[Thu Dec  4 15:52:09 2025] Launched impl_1...
Run output will be captured here: D:/SSC/proiectSSC/Sistem_de_Iluminare_Inteligent/Sistem_de_Iluminare_Inteligent.runs/impl_1/runme.log
launch_runs: Time (s): cpu = 00:00:20 ; elapsed = 00:00:46 . Memory (MB): peak = 2354.570 ; gain = 67.590
ERROR: [Common 17-39] 'launch_runs' failed due to earlier errors.
WARNING: [filemgmt 56-199] Attempt to get parsing info during refresh. "On-the-fly" syntax checking information may be incorrect. [D:\SSC\proiectSSC\Sistem_de_Iluminare_Inteligent\Sistem_de_Iluminare_Inteligent.srcs\sources_1\new\debouncer.vhd:]
WARNING: [filemgmt 56-199] Attempt to get parsing info during refresh. "On-the-fly" syntax checking information may be incorrect. [D:\SSC\proiectSSC\Sistem_de_Iluminare_Inteligent\Sistem_de_Iluminare_Inteligent.srcs\sources_1\new\PWM_Unit.vhd:]
WARNING: [filemgmt 56-199] Attempt to get parsing info during refresh. "On-the-fly" syntax checking information may be incorrect. [D:\SSC\proiectSSC\Sistem_de_Iluminare_Inteligent\Sistem_de_Iluminare_Inteligent.srcs\sources_1\new\keyPad_Unit.vhd:]
WARNING: [filemgmt 56-199] Attempt to get parsing info during refresh. "On-the-fly" syntax checking information may be incorrect. [D:\SSC\proiectSSC\Sistem_de_Iluminare_Inteligent\Sistem_de_Iluminare_Inteligent.srcs\sources_1\new\debouncer.vhd:]
WARNING: [filemgmt 56-199] Attempt to get parsing info during refresh. "On-the-fly" syntax checking information may be incorrect. [D:\SSC\proiectSSC\Sistem_de_Iluminare_Inteligent\Sistem_de_Iluminare_Inteligent.srcs\sources_1\new\debouncer.vhd:]
exit
INFO: [Common 17-206] Exiting Vivado at Thu Dec  4 15:55:29 2025...
